2024-10-01T00:01:03.051+05:30  INFO 7400 --- [demo] [SpringApplicationShutdownHook] j.LocalContainerEntityManagerFactoryBean : Closing JPA EntityManagerFactory for persistence unit 'default'
2024-10-01T00:01:03.060+05:30  INFO 7400 --- [demo] [SpringApplicationShutdownHook] com.zaxxer.hikari.HikariDataSource       : HikariPool-1 - Shutdown initiated...
2024-10-01T00:01:03.068+05:30  INFO 7400 --- [demo] [SpringApplicationShutdownHook] com.zaxxer.hikari.HikariDataSource       : HikariPool-1 - Shutdown completed.
2024-10-01T00:01:04.864+05:30  INFO 7671 --- [demo] [restartedMain] com.example.demo.DemoApplication         : Starting DemoApplication using Java 17.0.12 with PID 7671 (/Users/prasad/codebase/demo/target/classes started by prasad in /Users/prasad/codebase/demo)
2024-10-01T00:01:04.866+05:30  INFO 7671 --- [demo] [restartedMain] com.example.demo.DemoApplication         : No active profile set, falling back to 1 default profile: "default"
2024-10-01T00:01:04.894+05:30  INFO 7671 --- [demo] [restartedMain] .e.DevToolsPropertyDefaultsPostProcessor : Devtools property defaults active! Set 'spring.devtools.add-properties' to 'false' to disable
2024-10-01T00:01:04.894+05:30  INFO 7671 --- [demo] [restartedMain] .e.DevToolsPropertyDefaultsPostProcessor : For additional web related logging consider setting the 'logging.level.web' property to 'DEBUG'
2024-10-01T00:01:05.263+05:30  INFO 7671 --- [demo] [restartedMain] .s.d.r.c.RepositoryConfigurationDelegate : Bootstrapping Spring Data JPA repositories in DEFAULT mode.
2024-10-01T00:01:05.283+05:30  INFO 7671 --- [demo] [restartedMain] .s.d.r.c.RepositoryConfigurationDelegate : Finished Spring Data repository scanning in 16 ms. Found 1 JPA repository interface.
2024-10-01T00:01:05.586+05:30  INFO 7671 --- [demo] [restartedMain] o.s.b.w.embedded.tomcat.TomcatWebServer  : Tomcat initialized with port 8080 (http)
2024-10-01T00:01:05.591+05:30  INFO 7671 --- [demo] [restartedMain] o.apache.catalina.core.StandardService   : Starting service [Tomcat]
2024-10-01T00:01:05.591+05:30  INFO 7671 --- [demo] [restartedMain] o.apache.catalina.core.StandardEngine    : Starting Servlet engine: [Apache Tomcat/10.1.30]
2024-10-01T00:01:05.609+05:30  INFO 7671 --- [demo] [restartedMain] o.a.c.c.C.[Tomcat].[localhost].[/]       : Initializing Spring embedded WebApplicationContext
2024-10-01T00:01:05.609+05:30  INFO 7671 --- [demo] [restartedMain] w.s.c.ServletWebServerApplicationContext : Root WebApplicationContext: initialization completed in 715 ms
2024-10-01T00:01:05.711+05:30  INFO 7671 --- [demo] [restartedMain] com.zaxxer.hikari.HikariDataSource       : HikariPool-1 - Starting...
2024-10-01T00:01:05.818+05:30  INFO 7671 --- [demo] [restartedMain] com.zaxxer.hikari.pool.HikariPool        : HikariPool-1 - Added connection org.postgresql.jdbc.PgConnection@3f462ec9
2024-10-01T00:01:05.818+05:30  INFO 7671 --- [demo] [restartedMain] com.zaxxer.hikari.HikariDataSource       : HikariPool-1 - Start completed.
2024-10-01T00:01:05.959+05:30  INFO 7671 --- [demo] [restartedMain] liquibase.database                       : Set default schema name to public
2024-10-01T00:01:06.100+05:30  INFO 7671 --- [demo] [restartedMain] liquibase.changelog                      : Reading from public.databasechangelog
2024-10-01T00:01:06.128+05:30  INFO 7671 --- [demo] [restartedMain] liquibase.ui                             : Database is up to date, no changesets to execute
2024-10-01T00:01:06.129+05:30  INFO 7671 --- [demo] [restartedMain] liquibase.changelog                      : Reading from public.databasechangelog
2024-10-01T00:01:06.132+05:30  INFO 7671 --- [demo] [restartedMain] liquibase.util                           : UPDATE SUMMARY
2024-10-01T00:01:06.132+05:30  INFO 7671 --- [demo] [restartedMain] liquibase.util                           : Run:                          0
2024-10-01T00:01:06.133+05:30  INFO 7671 --- [demo] [restartedMain] liquibase.util                           : Previously run:               2
2024-10-01T00:01:06.133+05:30  INFO 7671 --- [demo] [restartedMain] liquibase.util                           : Filtered out:                 0
2024-10-01T00:01:06.133+05:30  INFO 7671 --- [demo] [restartedMain] liquibase.util                           : -------------------------------
2024-10-01T00:01:06.133+05:30  INFO 7671 --- [demo] [restartedMain] liquibase.util                           : Total change sets:            2
2024-10-01T00:01:06.133+05:30  INFO 7671 --- [demo] [restartedMain] liquibase.util                           : Update summary generated
2024-10-01T00:01:06.142+05:30  INFO 7671 --- [demo] [restartedMain] liquibase.lockservice                    : Successfully released change log lock
2024-10-01T00:01:06.143+05:30  INFO 7671 --- [demo] [restartedMain] liquibase.command                        : Command execution complete
2024-10-01T00:01:06.186+05:30  INFO 7671 --- [demo] [restartedMain] o.hibernate.jpa.internal.util.LogHelper  : HHH000204: Processing PersistenceUnitInfo [name: default]
2024-10-01T00:01:06.212+05:30  INFO 7671 --- [demo] [restartedMain] org.hibernate.Version                    : HHH000412: Hibernate ORM core version 6.5.3.Final
2024-10-01T00:01:06.226+05:30  INFO 7671 --- [demo] [restartedMain] o.h.c.internal.RegionFactoryInitiator    : HHH000026: Second-level cache disabled
2024-10-01T00:01:06.333+05:30  INFO 7671 --- [demo] [restartedMain] o.s.o.j.p.SpringPersistenceUnitInfo      : No LoadTimeWeaver setup: ignoring JPA class transformer
2024-10-01T00:01:06.354+05:30  WARN 7671 --- [demo] [restartedMain] org.hibernate.orm.deprecation            : HHH90000025: PostgreSQLDialect does not need to be specified explicitly using 'hibernate.dialect' (remove the property setting and it will be selected by default)
2024-10-01T00:01:06.656+05:30  INFO 7671 --- [demo] [restartedMain] o.h.e.t.j.p.i.JtaPlatformInitiator       : HHH000489: No JTA platform available (set 'hibernate.transaction.jta.platform' to enable JTA platform integration)
2024-10-01T00:01:06.693+05:30  INFO 7671 --- [demo] [restartedMain] j.LocalContainerEntityManagerFactoryBean : Initialized JPA EntityManagerFactory for persistence unit 'default'
2024-10-01T00:01:06.809+05:30  WARN 7671 --- [demo] [restartedMain] JpaBaseConfiguration$JpaWebConfiguration : spring.jpa.open-in-view is enabled by default. Therefore, database queries may be performed during view rendering. Explicitly configure spring.jpa.open-in-view to disable this warning
2024-10-01T00:01:07.042+05:30  INFO 7671 --- [demo] [restartedMain] o.s.b.d.a.OptionalLiveReloadServer       : LiveReload server is running on port 35729
2024-10-01T00:01:07.046+05:30  INFO 7671 --- [demo] [restartedMain] o.s.b.a.e.web.EndpointLinksResolver      : Exposing 1 endpoint beneath base path '/actuator'
2024-10-01T00:01:07.081+05:30  INFO 7671 --- [demo] [restartedMain] o.s.b.w.embedded.tomcat.TomcatWebServer  : Tomcat started on port 8080 (http) with context path '/'
2024-10-01T00:01:07.095+05:30  INFO 7671 --- [demo] [restartedMain] com.example.demo.DemoApplication         : Started DemoApplication in 2.446 seconds (process running for 2.686)
2024-10-01T00:01:49.542+05:30  INFO 7671 --- [demo] [SpringApplicationShutdownHook] j.LocalContainerEntityManagerFactoryBean : Closing JPA EntityManagerFactory for persistence unit 'default'
2024-10-01T00:01:49.546+05:30  INFO 7671 --- [demo] [SpringApplicationShutdownHook] com.zaxxer.hikari.HikariDataSource       : HikariPool-1 - Shutdown initiated...
2024-10-01T00:01:49.549+05:30  INFO 7671 --- [demo] [SpringApplicationShutdownHook] com.zaxxer.hikari.HikariDataSource       : HikariPool-1 - Shutdown completed.
2024-10-01T00:01:51.085+05:30  INFO 7706 --- [demo] [restartedMain] com.example.demo.DemoApplication         : Starting DemoApplication using Java 17.0.12 with PID 7706 (/Users/prasad/codebase/demo/target/classes started by prasad in /Users/prasad/codebase/demo)
2024-10-01T00:01:51.086+05:30  INFO 7706 --- [demo] [restartedMain] com.example.demo.DemoApplication         : No active profile set, falling back to 1 default profile: "default"
2024-10-01T00:01:51.106+05:30  INFO 7706 --- [demo] [restartedMain] .e.DevToolsPropertyDefaultsPostProcessor : Devtools property defaults active! Set 'spring.devtools.add-properties' to 'false' to disable
2024-10-01T00:01:51.106+05:30  INFO 7706 --- [demo] [restartedMain] .e.DevToolsPropertyDefaultsPostProcessor : For additional web related logging consider setting the 'logging.level.web' property to 'DEBUG'
2024-10-01T00:01:51.434+05:30  INFO 7706 --- [demo] [restartedMain] .s.d.r.c.RepositoryConfigurationDelegate : Bootstrapping Spring Data JPA repositories in DEFAULT mode.
2024-10-01T00:01:51.454+05:30  INFO 7706 --- [demo] [restartedMain] .s.d.r.c.RepositoryConfigurationDelegate : Finished Spring Data repository scanning in 16 ms. Found 1 JPA repository interface.
2024-10-01T00:01:51.743+05:30  INFO 7706 --- [demo] [restartedMain] o.s.b.w.embedded.tomcat.TomcatWebServer  : Tomcat initialized with port 8080 (http)
2024-10-01T00:01:51.748+05:30  INFO 7706 --- [demo] [restartedMain] o.apache.catalina.core.StandardService   : Starting service [Tomcat]
2024-10-01T00:01:51.748+05:30  INFO 7706 --- [demo] [restartedMain] o.apache.catalina.core.StandardEngine    : Starting Servlet engine: [Apache Tomcat/10.1.30]
2024-10-01T00:01:51.765+05:30  INFO 7706 --- [demo] [restartedMain] o.a.c.c.C.[Tomcat].[localhost].[/]       : Initializing Spring embedded WebApplicationContext
2024-10-01T00:01:51.766+05:30  INFO 7706 --- [demo] [restartedMain] w.s.c.ServletWebServerApplicationContext : Root WebApplicationContext: initialization completed in 660 ms
2024-10-01T00:01:51.866+05:30  INFO 7706 --- [demo] [restartedMain] com.zaxxer.hikari.HikariDataSource       : HikariPool-1 - Starting...
2024-10-01T00:01:51.947+05:30  INFO 7706 --- [demo] [restartedMain] com.zaxxer.hikari.pool.HikariPool        : HikariPool-1 - Added connection org.postgresql.jdbc.PgConnection@8b41601
2024-10-01T00:01:51.948+05:30  INFO 7706 --- [demo] [restartedMain] com.zaxxer.hikari.HikariDataSource       : HikariPool-1 - Start completed.
2024-10-01T00:01:52.018+05:30  INFO 7706 --- [demo] [restartedMain] liquibase.database                       : Set default schema name to public
2024-10-01T00:01:52.163+05:30  INFO 7706 --- [demo] [restartedMain] liquibase.changelog                      : Reading from public.databasechangelog
2024-10-01T00:01:52.180+05:30  INFO 7706 --- [demo] [restartedMain] liquibase.ui                             : Database is up to date, no changesets to execute
2024-10-01T00:01:52.180+05:30  INFO 7706 --- [demo] [restartedMain] liquibase.changelog                      : Reading from public.databasechangelog
2024-10-01T00:01:52.183+05:30  INFO 7706 --- [demo] [restartedMain] liquibase.util                           : UPDATE SUMMARY
2024-10-01T00:01:52.183+05:30  INFO 7706 --- [demo] [restartedMain] liquibase.util                           : Run:                          0
2024-10-01T00:01:52.183+05:30  INFO 7706 --- [demo] [restartedMain] liquibase.util                           : Previously run:               2
2024-10-01T00:01:52.183+05:30  INFO 7706 --- [demo] [restartedMain] liquibase.util                           : Filtered out:                 0
2024-10-01T00:01:52.183+05:30  INFO 7706 --- [demo] [restartedMain] liquibase.util                           : -------------------------------
2024-10-01T00:01:52.183+05:30  INFO 7706 --- [demo] [restartedMain] liquibase.util                           : Total change sets:            2
2024-10-01T00:01:52.184+05:30  INFO 7706 --- [demo] [restartedMain] liquibase.util                           : Update summary generated
2024-10-01T00:01:52.192+05:30  INFO 7706 --- [demo] [restartedMain] liquibase.lockservice                    : Successfully released change log lock
2024-10-01T00:01:52.192+05:30  INFO 7706 --- [demo] [restartedMain] liquibase.command                        : Command execution complete
2024-10-01T00:01:52.228+05:30  INFO 7706 --- [demo] [restartedMain] o.hibernate.jpa.internal.util.LogHelper  : HHH000204: Processing PersistenceUnitInfo [name: default]
2024-10-01T00:01:52.250+05:30  INFO 7706 --- [demo] [restartedMain] org.hibernate.Version                    : HHH000412: Hibernate ORM core version 6.5.3.Final
2024-10-01T00:01:52.264+05:30  INFO 7706 --- [demo] [restartedMain] o.h.c.internal.RegionFactoryInitiator    : HHH000026: Second-level cache disabled
2024-10-01T00:01:52.371+05:30  INFO 7706 --- [demo] [restartedMain] o.s.o.j.p.SpringPersistenceUnitInfo      : No LoadTimeWeaver setup: ignoring JPA class transformer
2024-10-01T00:01:52.388+05:30  WARN 7706 --- [demo] [restartedMain] org.hibernate.orm.deprecation            : HHH90000025: PostgreSQLDialect does not need to be specified explicitly using 'hibernate.dialect' (remove the property setting and it will be selected by default)
2024-10-01T00:01:52.676+05:30  INFO 7706 --- [demo] [restartedMain] o.h.e.t.j.p.i.JtaPlatformInitiator       : HHH000489: No JTA platform available (set 'hibernate.transaction.jta.platform' to enable JTA platform integration)
2024-10-01T00:01:52.696+05:30  INFO 7706 --- [demo] [restartedMain] j.LocalContainerEntityManagerFactoryBean : Initialized JPA EntityManagerFactory for persistence unit 'default'
2024-10-01T00:01:52.812+05:30  WARN 7706 --- [demo] [restartedMain] JpaBaseConfiguration$JpaWebConfiguration : spring.jpa.open-in-view is enabled by default. Therefore, database queries may be performed during view rendering. Explicitly configure spring.jpa.open-in-view to disable this warning
2024-10-01T00:01:53.066+05:30  INFO 7706 --- [demo] [restartedMain] o.s.b.d.a.OptionalLiveReloadServer       : LiveReload server is running on port 35729
2024-10-01T00:01:53.070+05:30  INFO 7706 --- [demo] [restartedMain] o.s.b.a.e.web.EndpointLinksResolver      : Exposing 1 endpoint beneath base path '/actuator'
2024-10-01T00:01:53.102+05:30  INFO 7706 --- [demo] [restartedMain] o.s.b.w.embedded.tomcat.TomcatWebServer  : Tomcat started on port 8080 (http) with context path '/'
2024-10-01T00:01:53.114+05:30  INFO 7706 --- [demo] [restartedMain] com.example.demo.DemoApplication         : Started DemoApplication in 2.23 seconds (process running for 2.428)
2024-10-01T00:02:07.977+05:30  INFO 7706 --- [demo] [http-nio-8080-exec-1] o.a.c.c.C.[Tomcat].[localhost].[/]       : Initializing Spring DispatcherServlet 'dispatcherServlet'
2024-10-01T00:02:07.977+05:30  INFO 7706 --- [demo] [http-nio-8080-exec-1] o.s.web.servlet.DispatcherServlet        : Initializing Servlet 'dispatcherServlet'
2024-10-01T00:02:07.979+05:30  INFO 7706 --- [demo] [http-nio-8080-exec-1] o.s.web.servlet.DispatcherServlet        : Completed initialization in 2 ms
2024-10-01T00:02:07.999+05:30  INFO 7706 --- [demo] [http-nio-8080-exec-1] c.e.demo.controller.TestController       : Response generated: Test(message=This is a message)
2024-10-01T00:02:32.093+05:30  INFO 7706 --- [demo] [http-nio-8080-exec-3] c.e.demo.controller.ExampleController    : Fetching all examples
2024-10-01T00:02:32.093+05:30  INFO 7706 --- [demo] [http-nio-8080-exec-3] c.e.demo.service.ExampleTableService     : Fetching all examples
2024-10-01T00:02:32.186+05:30  INFO 7706 --- [demo] [http-nio-8080-exec-3] c.e.demo.service.ExampleTableService     : Successfully fetched 10 examples
2024-10-01T00:02:32.187+05:30  INFO 7706 --- [demo] [http-nio-8080-exec-3] c.e.demo.controller.ExampleController    : Successfully fetched 10 examples
2024-10-01T00:03:02.086+05:30  INFO 7706 --- [demo] [http-nio-8080-exec-4] c.e.demo.controller.ExampleController    : Fetching all examples
2024-10-01T00:03:02.087+05:30  INFO 7706 --- [demo] [http-nio-8080-exec-4] c.e.demo.service.ExampleTableService     : Fetching all examples
2024-10-01T00:03:02.114+05:30  INFO 7706 --- [demo] [http-nio-8080-exec-4] c.e.demo.service.ExampleTableService     : Successfully fetched 10 examples
2024-10-01T00:03:02.114+05:30  INFO 7706 --- [demo] [http-nio-8080-exec-4] c.e.demo.controller.ExampleController    : Successfully fetched 10 examples
2024-10-01T00:07:27.608+05:30  INFO 7706 --- [demo] [SpringApplicationShutdownHook] j.LocalContainerEntityManagerFactoryBean : Closing JPA EntityManagerFactory for persistence unit 'default'
2024-10-01T00:07:27.612+05:30  INFO 7706 --- [demo] [SpringApplicationShutdownHook] com.zaxxer.hikari.HikariDataSource       : HikariPool-1 - Shutdown initiated...
2024-10-01T00:07:27.617+05:30  INFO 7706 --- [demo] [SpringApplicationShutdownHook] com.zaxxer.hikari.HikariDataSource       : HikariPool-1 - Shutdown completed.
2024-10-01T00:07:29.260+05:30  INFO 7795 --- [demo] [restartedMain] com.example.demo.DemoApplication         : Starting DemoApplication using Java 17.0.12 with PID 7795 (/Users/prasad/codebase/demo/target/classes started by prasad in /Users/prasad/codebase/demo)
2024-10-01T00:07:29.261+05:30  INFO 7795 --- [demo] [restartedMain] com.example.demo.DemoApplication         : No active profile set, falling back to 1 default profile: "default"
2024-10-01T00:07:29.281+05:30  INFO 7795 --- [demo] [restartedMain] .e.DevToolsPropertyDefaultsPostProcessor : Devtools property defaults active! Set 'spring.devtools.add-properties' to 'false' to disable
2024-10-01T00:07:29.281+05:30  INFO 7795 --- [demo] [restartedMain] .e.DevToolsPropertyDefaultsPostProcessor : For additional web related logging consider setting the 'logging.level.web' property to 'DEBUG'
2024-10-01T00:07:29.732+05:30  INFO 7795 --- [demo] [restartedMain] .s.d.r.c.RepositoryConfigurationDelegate : Bootstrapping Spring Data JPA repositories in DEFAULT mode.
2024-10-01T00:07:29.752+05:30  INFO 7795 --- [demo] [restartedMain] .s.d.r.c.RepositoryConfigurationDelegate : Finished Spring Data repository scanning in 17 ms. Found 1 JPA repository interface.
2024-10-01T00:07:30.054+05:30  INFO 7795 --- [demo] [restartedMain] o.s.b.w.embedded.tomcat.TomcatWebServer  : Tomcat initialized with port 8080 (http)
2024-10-01T00:07:30.059+05:30  INFO 7795 --- [demo] [restartedMain] o.apache.catalina.core.StandardService   : Starting service [Tomcat]
2024-10-01T00:07:30.059+05:30  INFO 7795 --- [demo] [restartedMain] o.apache.catalina.core.StandardEngine    : Starting Servlet engine: [Apache Tomcat/10.1.30]
2024-10-01T00:07:30.077+05:30  INFO 7795 --- [demo] [restartedMain] o.a.c.c.C.[Tomcat].[localhost].[/]       : Initializing Spring embedded WebApplicationContext
2024-10-01T00:07:30.077+05:30  INFO 7795 --- [demo] [restartedMain] w.s.c.ServletWebServerApplicationContext : Root WebApplicationContext: initialization completed in 795 ms
2024-10-01T00:07:30.178+05:30  INFO 7795 --- [demo] [restartedMain] com.zaxxer.hikari.HikariDataSource       : HikariPool-1 - Starting...
2024-10-01T00:07:30.263+05:30  INFO 7795 --- [demo] [restartedMain] com.zaxxer.hikari.pool.HikariPool        : HikariPool-1 - Added connection org.postgresql.jdbc.PgConnection@3936820e
2024-10-01T00:07:30.263+05:30  INFO 7795 --- [demo] [restartedMain] com.zaxxer.hikari.HikariDataSource       : HikariPool-1 - Start completed.
2024-10-01T00:07:30.392+05:30  INFO 7795 --- [demo] [restartedMain] liquibase.database                       : Set default schema name to public
2024-10-01T00:07:30.541+05:30  INFO 7795 --- [demo] [restartedMain] liquibase.changelog                      : Reading from public.databasechangelog
2024-10-01T00:07:30.557+05:30  INFO 7795 --- [demo] [restartedMain] liquibase.ui                             : Database is up to date, no changesets to execute
2024-10-01T00:07:30.558+05:30  INFO 7795 --- [demo] [restartedMain] liquibase.changelog                      : Reading from public.databasechangelog
2024-10-01T00:07:30.561+05:30  INFO 7795 --- [demo] [restartedMain] liquibase.util                           : UPDATE SUMMARY
2024-10-01T00:07:30.561+05:30  INFO 7795 --- [demo] [restartedMain] liquibase.util                           : Run:                          0
2024-10-01T00:07:30.561+05:30  INFO 7795 --- [demo] [restartedMain] liquibase.util                           : Previously run:               2
2024-10-01T00:07:30.561+05:30  INFO 7795 --- [demo] [restartedMain] liquibase.util                           : Filtered out:                 0
2024-10-01T00:07:30.561+05:30  INFO 7795 --- [demo] [restartedMain] liquibase.util                           : -------------------------------
2024-10-01T00:07:30.561+05:30  INFO 7795 --- [demo] [restartedMain] liquibase.util                           : Total change sets:            2
2024-10-01T00:07:30.562+05:30  INFO 7795 --- [demo] [restartedMain] liquibase.util                           : Update summary generated
2024-10-01T00:07:30.572+05:30  INFO 7795 --- [demo] [restartedMain] liquibase.lockservice                    : Successfully released change log lock
2024-10-01T00:07:30.573+05:30  INFO 7795 --- [demo] [restartedMain] liquibase.command                        : Command execution complete
2024-10-01T00:07:30.609+05:30  INFO 7795 --- [demo] [restartedMain] o.hibernate.jpa.internal.util.LogHelper  : HHH000204: Processing PersistenceUnitInfo [name: default]
2024-10-01T00:07:30.630+05:30  INFO 7795 --- [demo] [restartedMain] org.hibernate.Version                    : HHH000412: Hibernate ORM core version 6.5.3.Final
2024-10-01T00:07:30.642+05:30  INFO 7795 --- [demo] [restartedMain] o.h.c.internal.RegionFactoryInitiator    : HHH000026: Second-level cache disabled
2024-10-01T00:07:30.739+05:30  INFO 7795 --- [demo] [restartedMain] o.s.o.j.p.SpringPersistenceUnitInfo      : No LoadTimeWeaver setup: ignoring JPA class transformer
2024-10-01T00:07:30.757+05:30  WARN 7795 --- [demo] [restartedMain] org.hibernate.orm.deprecation            : HHH90000025: PostgreSQLDialect does not need to be specified explicitly using 'hibernate.dialect' (remove the property setting and it will be selected by default)
2024-10-01T00:07:31.055+05:30  INFO 7795 --- [demo] [restartedMain] o.h.e.t.j.p.i.JtaPlatformInitiator       : HHH000489: No JTA platform available (set 'hibernate.transaction.jta.platform' to enable JTA platform integration)
2024-10-01T00:07:31.076+05:30  INFO 7795 --- [demo] [restartedMain] j.LocalContainerEntityManagerFactoryBean : Initialized JPA EntityManagerFactory for persistence unit 'default'
2024-10-01T00:07:31.196+05:30  WARN 7795 --- [demo] [restartedMain] JpaBaseConfiguration$JpaWebConfiguration : spring.jpa.open-in-view is enabled by default. Therefore, database queries may be performed during view rendering. Explicitly configure spring.jpa.open-in-view to disable this warning
2024-10-01T00:07:31.451+05:30  INFO 7795 --- [demo] [restartedMain] o.s.b.d.a.OptionalLiveReloadServer       : LiveReload server is running on port 35729
2024-10-01T00:07:31.455+05:30  INFO 7795 --- [demo] [restartedMain] o.s.b.a.e.web.EndpointLinksResolver      : Exposing 1 endpoint beneath base path '/actuator'
2024-10-01T00:07:31.485+05:30  INFO 7795 --- [demo] [restartedMain] o.s.b.w.embedded.tomcat.TomcatWebServer  : Tomcat started on port 8080 (http) with context path '/'
2024-10-01T00:07:31.498+05:30  INFO 7795 --- [demo] [restartedMain] com.example.demo.DemoApplication         : Started DemoApplication in 2.439 seconds (process running for 2.637)
2024-10-01T00:07:34.881+05:30  INFO 7795 --- [demo] [http-nio-8080-exec-2] o.a.c.c.C.[Tomcat].[localhost].[/]       : Initializing Spring DispatcherServlet 'dispatcherServlet'
2024-10-01T00:07:34.881+05:30  INFO 7795 --- [demo] [http-nio-8080-exec-2] o.s.web.servlet.DispatcherServlet        : Initializing Servlet 'dispatcherServlet'
2024-10-01T00:07:34.882+05:30  INFO 7795 --- [demo] [http-nio-8080-exec-2] o.s.web.servlet.DispatcherServlet        : Completed initialization in 0 ms
2024-10-01T00:07:34.900+05:30  INFO 7795 --- [demo] [http-nio-8080-exec-2] c.e.demo.controller.TestController       : Response generated: Test(message=This is a message)
2024-10-01T00:07:40.455+05:30  INFO 7795 --- [demo] [http-nio-8080-exec-3] c.e.demo.service.ExampleTableService     : Fetching all examples
2024-10-01T00:07:40.550+05:30  INFO 7795 --- [demo] [http-nio-8080-exec-3] c.e.demo.service.ExampleTableService     : Successfully fetched 10 examples
2024-10-01T00:07:49.140+05:30  INFO 7795 --- [demo] [http-nio-8080-exec-4] c.e.demo.service.ExampleTableService     : Fetching all examples with formatted date
2024-10-01T00:07:49.149+05:30  INFO 7795 --- [demo] [http-nio-8080-exec-4] c.e.demo.service.ExampleTableService     : Successfully fetched 10 examples with formatted date
2024-10-01T00:08:44.962+05:30  INFO 7795 --- [demo] [http-nio-8080-exec-5] c.e.demo.service.ExampleTableService     : Fetching all examples with formatted date
2024-10-01T00:08:44.985+05:30  WARN 7795 --- [demo] [http-nio-8080-exec-5] o.h.engine.jdbc.spi.SqlExceptionHelper   : SQL Error: 0, SQLState: 42P01
2024-10-01T00:08:44.985+05:30 ERROR 7795 --- [demo] [http-nio-8080-exec-5] o.h.engine.jdbc.spi.SqlExceptionHelper   : ERROR: relation "example_table" does not exist
  Position: 50
2024-10-01T00:08:45.014+05:30 ERROR 7795 --- [demo] [http-nio-8080-exec-5] o.a.c.c.C.[.[.[/].[dispatcherServlet]    : Servlet.service() for servlet [dispatcherServlet] in context with path [] threw exception [Request processing failed: org.springframework.dao.InvalidDataAccessResourceUsageException: JDBC exception executing SQL [select et1_0.id,et1_0.created_at,et1_0.name from example_table et1_0] [ERROR: relation "example_table" does not exist
  Position: 50] [n/a]; SQL [n/a]] with root cause

org.postgresql.util.PSQLException: ERROR: relation "example_table" does not exist
  Position: 50
	at org.postgresql.core.v3.QueryExecutorImpl.receiveErrorResponse(QueryExecutorImpl.java:2733) ~[postgresql-42.7.4.jar:42.7.4]
	at org.postgresql.core.v3.QueryExecutorImpl.processResults(QueryExecutorImpl.java:2420) ~[postgresql-42.7.4.jar:42.7.4]
	at org.postgresql.core.v3.QueryExecutorImpl.execute(QueryExecutorImpl.java:372) ~[postgresql-42.7.4.jar:42.7.4]
	at org.postgresql.jdbc.PgStatement.executeInternal(PgStatement.java:517) ~[postgresql-42.7.4.jar:42.7.4]
	at org.postgresql.jdbc.PgStatement.execute(PgStatement.java:434) ~[postgresql-42.7.4.jar:42.7.4]
	at org.postgresql.jdbc.PgPreparedStatement.executeWithFlags(PgPreparedStatement.java:194) ~[postgresql-42.7.4.jar:42.7.4]
	at org.postgresql.jdbc.PgPreparedStatement.executeQuery(PgPreparedStatement.java:137) ~[postgresql-42.7.4.jar:42.7.4]
	at com.zaxxer.hikari.pool.ProxyPreparedStatement.executeQuery(ProxyPreparedStatement.java:52) ~[HikariCP-5.1.0.jar:na]
	at com.zaxxer.hikari.pool.HikariProxyPreparedStatement.executeQuery(HikariProxyPreparedStatement.java) ~[HikariCP-5.1.0.jar:na]
	at org.hibernate.sql.results.jdbc.internal.DeferredResultSetAccess.executeQuery(DeferredResultSetAccess.java:246) ~[hibernate-core-6.5.3.Final.jar:6.5.3.Final]
	at org.hibernate.sql.results.jdbc.internal.DeferredResultSetAccess.getResultSet(DeferredResultSetAccess.java:167) ~[hibernate-core-6.5.3.Final.jar:6.5.3.Final]
	at org.hibernate.sql.results.jdbc.internal.JdbcValuesResultSetImpl.advanceNext(JdbcValuesResultSetImpl.java:265) ~[hibernate-core-6.5.3.Final.jar:6.5.3.Final]
	at org.hibernate.sql.results.jdbc.internal.JdbcValuesResultSetImpl.processNext(JdbcValuesResultSetImpl.java:145) ~[hibernate-core-6.5.3.Final.jar:6.5.3.Final]
	at org.hibernate.sql.results.jdbc.internal.AbstractJdbcValues.next(AbstractJdbcValues.java:19) ~[hibernate-core-6.5.3.Final.jar:6.5.3.Final]
	at org.hibernate.sql.results.internal.RowProcessingStateStandardImpl.next(RowProcessingStateStandardImpl.java:67) ~[hibernate-core-6.5.3.Final.jar:6.5.3.Final]
	at org.hibernate.sql.results.spi.ListResultsConsumer.consume(ListResultsConsumer.java:204) ~[hibernate-core-6.5.3.Final.jar:6.5.3.Final]
	at org.hibernate.sql.results.spi.ListResultsConsumer.consume(ListResultsConsumer.java:33) ~[hibernate-core-6.5.3.Final.jar:6.5.3.Final]
	at org.hibernate.sql.exec.internal.JdbcSelectExecutorStandardImpl.doExecuteQuery(JdbcSelectExecutorStandardImpl.java:211) ~[hibernate-core-6.5.3.Final.jar:6.5.3.Final]
	at org.hibernate.sql.exec.internal.JdbcSelectExecutorStandardImpl.executeQuery(JdbcSelectExecutorStandardImpl.java:83) ~[hibernate-core-6.5.3.Final.jar:6.5.3.Final]
	at org.hibernate.sql.exec.spi.JdbcSelectExecutor.list(JdbcSelectExecutor.java:76) ~[hibernate-core-6.5.3.Final.jar:6.5.3.Final]
	at org.hibernate.sql.exec.spi.JdbcSelectExecutor.list(JdbcSelectExecutor.java:65) ~[hibernate-core-6.5.3.Final.jar:6.5.3.Final]
	at org.hibernate.query.sqm.internal.ConcreteSqmSelectQueryPlan.lambda$new$2(ConcreteSqmSelectQueryPlan.java:139) ~[hibernate-core-6.5.3.Final.jar:6.5.3.Final]
	at org.hibernate.query.sqm.internal.ConcreteSqmSelectQueryPlan.withCacheableSqmInterpretation(ConcreteSqmSelectQueryPlan.java:382) ~[hibernate-core-6.5.3.Final.jar:6.5.3.Final]
	at org.hibernate.query.sqm.internal.ConcreteSqmSelectQueryPlan.performList(ConcreteSqmSelectQueryPlan.java:302) ~[hibernate-core-6.5.3.Final.jar:6.5.3.Final]
	at org.hibernate.query.sqm.internal.QuerySqmImpl.doList(QuerySqmImpl.java:526) ~[hibernate-core-6.5.3.Final.jar:6.5.3.Final]
	at org.hibernate.query.spi.AbstractSelectionQuery.list(AbstractSelectionQuery.java:423) ~[hibernate-core-6.5.3.Final.jar:6.5.3.Final]
	at org.hibernate.query.Query.getResultList(Query.java:120) ~[hibernate-core-6.5.3.Final.jar:6.5.3.Final]
	at org.springframework.data.jpa.repository.support.SimpleJpaRepository.findAll(SimpleJpaRepository.java:387) ~[spring-data-jpa-3.3.4.jar:3.3.4]
	at java.base/jdk.internal.reflect.NativeMethodAccessorImpl.invoke0(Native Method) ~[na:na]
	at java.base/jdk.internal.reflect.NativeMethodAccessorImpl.invoke(NativeMethodAccessorImpl.java:77) ~[na:na]
	at java.base/jdk.internal.reflect.DelegatingMethodAccessorImpl.invoke(DelegatingMethodAccessorImpl.java:43) ~[na:na]
	at java.base/java.lang.reflect.Method.invoke(Method.java:569) ~[na:na]
	at org.springframework.aop.support.AopUtils.invokeJoinpointUsingReflection(AopUtils.java:355) ~[spring-aop-6.1.13.jar:6.1.13]
	at org.springframework.data.repository.core.support.RepositoryMethodInvoker$RepositoryFragmentMethodInvoker.lambda$new$0(RepositoryMethodInvoker.java:277) ~[spring-data-commons-3.3.4.jar:3.3.4]
	at org.springframework.data.repository.core.support.RepositoryMethodInvoker.doInvoke(RepositoryMethodInvoker.java:170) ~[spring-data-commons-3.3.4.jar:3.3.4]
	at org.springframework.data.repository.core.support.RepositoryMethodInvoker.invoke(RepositoryMethodInvoker.java:158) ~[spring-data-commons-3.3.4.jar:3.3.4]
	at org.springframework.data.repository.core.support.RepositoryComposition$RepositoryFragments.invoke(RepositoryComposition.java:516) ~[spring-data-commons-3.3.4.jar:3.3.4]
	at org.springframework.data.repository.core.support.RepositoryComposition.invoke(RepositoryComposition.java:285) ~[spring-data-commons-3.3.4.jar:3.3.4]
	at org.springframework.data.repository.core.support.RepositoryFactorySupport$ImplementationMethodExecutionInterceptor.invoke(RepositoryFactorySupport.java:628) ~[spring-data-commons-3.3.4.jar:3.3.4]
	at org.springframework.aop.framework.ReflectiveMethodInvocation.proceed(ReflectiveMethodInvocation.java:184) ~[spring-aop-6.1.13.jar:6.1.13]
	at org.springframework.data.repository.core.support.QueryExecutorMethodInterceptor.doInvoke(QueryExecutorMethodInterceptor.java:173) ~[spring-data-commons-3.3.4.jar:3.3.4]
	at org.springframework.data.repository.core.support.QueryExecutorMethodInterceptor.invoke(QueryExecutorMethodInterceptor.java:148) ~[spring-data-commons-3.3.4.jar:3.3.4]
	at org.springframework.aop.framework.ReflectiveMethodInvocation.proceed(ReflectiveMethodInvocation.java:184) ~[spring-aop-6.1.13.jar:6.1.13]
	at org.springframework.data.projection.DefaultMethodInvokingMethodInterceptor.invoke(DefaultMethodInvokingMethodInterceptor.java:70) ~[spring-data-commons-3.3.4.jar:3.3.4]
	at org.springframework.aop.framework.ReflectiveMethodInvocation.proceed(ReflectiveMethodInvocation.java:184) ~[spring-aop-6.1.13.jar:6.1.13]
	at org.springframework.transaction.interceptor.TransactionAspectSupport.invokeWithinTransaction(TransactionAspectSupport.java:379) ~[spring-tx-6.1.13.jar:6.1.13]
	at org.springframework.transaction.interceptor.TransactionInterceptor.invoke(TransactionInterceptor.java:119) ~[spring-tx-6.1.13.jar:6.1.13]
	at org.springframework.aop.framework.ReflectiveMethodInvocation.proceed(ReflectiveMethodInvocation.java:184) ~[spring-aop-6.1.13.jar:6.1.13]
	at org.springframework.dao.support.PersistenceExceptionTranslationInterceptor.invoke(PersistenceExceptionTranslationInterceptor.java:138) ~[spring-tx-6.1.13.jar:6.1.13]
	at org.springframework.aop.framework.ReflectiveMethodInvocation.proceed(ReflectiveMethodInvocation.java:184) ~[spring-aop-6.1.13.jar:6.1.13]
	at org.springframework.data.jpa.repository.support.CrudMethodMetadataPostProcessor$CrudMethodMetadataPopulatingMethodInterceptor.invoke(CrudMethodMetadataPostProcessor.java:165) ~[spring-data-jpa-3.3.4.jar:3.3.4]
	at org.springframework.aop.framework.ReflectiveMethodInvocation.proceed(ReflectiveMethodInvocation.java:184) ~[spring-aop-6.1.13.jar:6.1.13]
	at org.springframework.aop.interceptor.ExposeInvocationInterceptor.invoke(ExposeInvocationInterceptor.java:97) ~[spring-aop-6.1.13.jar:6.1.13]
	at org.springframework.aop.framework.ReflectiveMethodInvocation.proceed(ReflectiveMethodInvocation.java:184) ~[spring-aop-6.1.13.jar:6.1.13]
	at org.springframework.aop.framework.JdkDynamicAopProxy.invoke(JdkDynamicAopProxy.java:223) ~[spring-aop-6.1.13.jar:6.1.13]
	at jdk.proxy4/jdk.proxy4.$Proxy144.findAll(Unknown Source) ~[na:na]
	at com.example.demo.service.ExampleTableService.findAllWithFormattedDate(ExampleTableService.java:38) ~[classes/:na]
	at com.example.demo.controller.ExampleController.getAllWithFormattedDate(ExampleController.java:37) ~[classes/:na]
	at java.base/jdk.internal.reflect.NativeMethodAccessorImpl.invoke0(Native Method) ~[na:na]
	at java.base/jdk.internal.reflect.NativeMethodAccessorImpl.invoke(NativeMethodAccessorImpl.java:77) ~[na:na]
	at java.base/jdk.internal.reflect.DelegatingMethodAccessorImpl.invoke(DelegatingMethodAccessorImpl.java:43) ~[na:na]
	at java.base/java.lang.reflect.Method.invoke(Method.java:569) ~[na:na]
	at org.springframework.web.method.support.InvocableHandlerMethod.doInvoke(InvocableHandlerMethod.java:255) ~[spring-web-6.1.13.jar:6.1.13]
	at org.springframework.web.method.support.InvocableHandlerMethod.invokeForRequest(InvocableHandlerMethod.java:188) ~[spring-web-6.1.13.jar:6.1.13]
	at org.springframework.web.servlet.mvc.method.annotation.ServletInvocableHandlerMethod.invokeAndHandle(ServletInvocableHandlerMethod.java:118) ~[spring-webmvc-6.1.13.jar:6.1.13]
	at org.springframework.web.servlet.mvc.method.annotation.RequestMappingHandlerAdapter.invokeHandlerMethod(RequestMappingHandlerAdapter.java:926) ~[spring-webmvc-6.1.13.jar:6.1.13]
	at org.springframework.web.servlet.mvc.method.annotation.RequestMappingHandlerAdapter.handleInternal(RequestMappingHandlerAdapter.java:831) ~[spring-webmvc-6.1.13.jar:6.1.13]
	at org.springframework.web.servlet.mvc.method.AbstractHandlerMethodAdapter.handle(AbstractHandlerMethodAdapter.java:87) ~[spring-webmvc-6.1.13.jar:6.1.13]
	at org.springframework.web.servlet.DispatcherServlet.doDispatch(DispatcherServlet.java:1089) ~[spring-webmvc-6.1.13.jar:6.1.13]
	at org.springframework.web.servlet.DispatcherServlet.doService(DispatcherServlet.java:979) ~[spring-webmvc-6.1.13.jar:6.1.13]
	at org.springframework.web.servlet.FrameworkServlet.processRequest(FrameworkServlet.java:1014) ~[spring-webmvc-6.1.13.jar:6.1.13]
	at org.springframework.web.servlet.FrameworkServlet.doGet(FrameworkServlet.java:903) ~[spring-webmvc-6.1.13.jar:6.1.13]
	at jakarta.servlet.http.HttpServlet.service(HttpServlet.java:564) ~[tomcat-embed-core-10.1.30.jar:6.0]
	at org.springframework.web.servlet.FrameworkServlet.service(FrameworkServlet.java:885) ~[spring-webmvc-6.1.13.jar:6.1.13]
	at jakarta.servlet.http.HttpServlet.service(HttpServlet.java:658) ~[tomcat-embed-core-10.1.30.jar:6.0]
	at org.apache.catalina.core.ApplicationFilterChain.internalDoFilter(ApplicationFilterChain.java:195) ~[tomcat-embed-core-10.1.30.jar:10.1.30]
	at org.apache.catalina.core.ApplicationFilterChain.doFilter(ApplicationFilterChain.java:140) ~[tomcat-embed-core-10.1.30.jar:10.1.30]
	at org.apache.tomcat.websocket.server.WsFilter.doFilter(WsFilter.java:51) ~[tomcat-embed-websocket-10.1.30.jar:10.1.30]
	at org.apache.catalina.core.ApplicationFilterChain.internalDoFilter(ApplicationFilterChain.java:164) ~[tomcat-embed-core-10.1.30.jar:10.1.30]
	at org.apache.catalina.core.ApplicationFilterChain.doFilter(ApplicationFilterChain.java:140) ~[tomcat-embed-core-10.1.30.jar:10.1.30]
	at org.springframework.web.filter.RequestContextFilter.doFilterInternal(RequestContextFilter.java:100) ~[spring-web-6.1.13.jar:6.1.13]
	at org.springframework.web.filter.OncePerRequestFilter.doFilter(OncePerRequestFilter.java:116) ~[spring-web-6.1.13.jar:6.1.13]
	at org.apache.catalina.core.ApplicationFilterChain.internalDoFilter(ApplicationFilterChain.java:164) ~[tomcat-embed-core-10.1.30.jar:10.1.30]
	at org.apache.catalina.core.ApplicationFilterChain.doFilter(ApplicationFilterChain.java:140) ~[tomcat-embed-core-10.1.30.jar:10.1.30]
	at org.springframework.web.filter.FormContentFilter.doFilterInternal(FormContentFilter.java:93) ~[spring-web-6.1.13.jar:6.1.13]
	at org.springframework.web.filter.OncePerRequestFilter.doFilter(OncePerRequestFilter.java:116) ~[spring-web-6.1.13.jar:6.1.13]
	at org.apache.catalina.core.ApplicationFilterChain.internalDoFilter(ApplicationFilterChain.java:164) ~[tomcat-embed-core-10.1.30.jar:10.1.30]
	at org.apache.catalina.core.ApplicationFilterChain.doFilter(ApplicationFilterChain.java:140) ~[tomcat-embed-core-10.1.30.jar:10.1.30]
	at org.springframework.web.filter.ServerHttpObservationFilter.doFilterInternal(ServerHttpObservationFilter.java:113) ~[spring-web-6.1.13.jar:6.1.13]
	at org.springframework.web.filter.OncePerRequestFilter.doFilter(OncePerRequestFilter.java:116) ~[spring-web-6.1.13.jar:6.1.13]
	at org.apache.catalina.core.ApplicationFilterChain.internalDoFilter(ApplicationFilterChain.java:164) ~[tomcat-embed-core-10.1.30.jar:10.1.30]
	at org.apache.catalina.core.ApplicationFilterChain.doFilter(ApplicationFilterChain.java:140) ~[tomcat-embed-core-10.1.30.jar:10.1.30]
	at org.springframework.web.filter.CharacterEncodingFilter.doFilterInternal(CharacterEncodingFilter.java:201) ~[spring-web-6.1.13.jar:6.1.13]
	at org.springframework.web.filter.OncePerRequestFilter.doFilter(OncePerRequestFilter.java:116) ~[spring-web-6.1.13.jar:6.1.13]
	at org.apache.catalina.core.ApplicationFilterChain.internalDoFilter(ApplicationFilterChain.java:164) ~[tomcat-embed-core-10.1.30.jar:10.1.30]
	at org.apache.catalina.core.ApplicationFilterChain.doFilter(ApplicationFilterChain.java:140) ~[tomcat-embed-core-10.1.30.jar:10.1.30]
	at org.apache.catalina.core.StandardWrapperValve.invoke(StandardWrapperValve.java:167) ~[tomcat-embed-core-10.1.30.jar:10.1.30]
	at org.apache.catalina.core.StandardContextValve.invoke(StandardContextValve.java:90) ~[tomcat-embed-core-10.1.30.jar:10.1.30]
	at org.apache.catalina.authenticator.AuthenticatorBase.invoke(AuthenticatorBase.java:483) ~[tomcat-embed-core-10.1.30.jar:10.1.30]
	at org.apache.catalina.core.StandardHostValve.invoke(StandardHostValve.java:115) ~[tomcat-embed-core-10.1.30.jar:10.1.30]
	at org.apache.catalina.valves.ErrorReportValve.invoke(ErrorReportValve.java:93) ~[tomcat-embed-core-10.1.30.jar:10.1.30]
	at org.apache.catalina.core.StandardEngineValve.invoke(StandardEngineValve.java:74) ~[tomcat-embed-core-10.1.30.jar:10.1.30]
	at org.apache.catalina.connector.CoyoteAdapter.service(CoyoteAdapter.java:344) ~[tomcat-embed-core-10.1.30.jar:10.1.30]
	at org.apache.coyote.http11.Http11Processor.service(Http11Processor.java:384) ~[tomcat-embed-core-10.1.30.jar:10.1.30]
	at org.apache.coyote.AbstractProcessorLight.process(AbstractProcessorLight.java:63) ~[tomcat-embed-core-10.1.30.jar:10.1.30]
	at org.apache.coyote.AbstractProtocol$ConnectionHandler.process(AbstractProtocol.java:905) ~[tomcat-embed-core-10.1.30.jar:10.1.30]
	at org.apache.tomcat.util.net.NioEndpoint$SocketProcessor.doRun(NioEndpoint.java:1741) ~[tomcat-embed-core-10.1.30.jar:10.1.30]
	at org.apache.tomcat.util.net.SocketProcessorBase.run(SocketProcessorBase.java:52) ~[tomcat-embed-core-10.1.30.jar:10.1.30]
	at org.apache.tomcat.util.threads.ThreadPoolExecutor.runWorker(ThreadPoolExecutor.java:1190) ~[tomcat-embed-core-10.1.30.jar:10.1.30]
	at org.apache.tomcat.util.threads.ThreadPoolExecutor$Worker.run(ThreadPoolExecutor.java:659) ~[tomcat-embed-core-10.1.30.jar:10.1.30]
	at org.apache.tomcat.util.threads.TaskThread$WrappingRunnable.run(TaskThread.java:63) ~[tomcat-embed-core-10.1.30.jar:10.1.30]
	at java.base/java.lang.Thread.run(Thread.java:840) ~[na:na]

2024-10-01T00:09:19.563+05:30  INFO 7795 --- [demo] [http-nio-8080-exec-6] c.e.demo.service.ExampleTableService     : Fetching all examples with formatted date
2024-10-01T00:09:19.575+05:30  INFO 7795 --- [demo] [http-nio-8080-exec-6] c.e.demo.service.ExampleTableService     : Successfully fetched 10 examples with formatted date
